[33mCMake Warning (dev) at CMakeLists.txt:176 (find_package):
  Policy CMP0148 is not set: The FindPythonInterp and FindPythonLibs modules
  are removed.  Run "cmake --help-policy CMP0148" for policy details.  Use
  the cmake_policy command to set the policy and suppress this warning.

This warning is for project developers.  Use -Wno-dev to suppress it.
[0m
CMake Warning (dev) at /usr/share/cmake-3.28/Modules/ExternalProject.cmake:3195 (message):
  The DOWNLOAD_EXTRACT_TIMESTAMP option was not given and policy CMP0135 is
  not set.  The policy's OLD behavior will be used.  When using a URL
  download, the timestamps of extracted files should preferably be that of
  the time of extraction, otherwise code that depends on the extracted
  contents might not be rebuilt if the URL changes.  The OLD behavior
  preserves the timestamps from the archive instead, but this is usually not
  what you want.  Update your project to the NEW behavior or specify the
  DOWNLOAD_EXTRACT_TIMESTAMP option with a value of true to avoid this
  robustness issue.
Call Stack (most recent call first):
  /usr/share/cmake-3.28/Modules/ExternalProject.cmake:4418 (_ep_add_download_command)
  CMakeLists.txt:6 (ExternalProject_Add)
This warning is for project developers.  Use -Wno-dev to suppress it.

CMake Error at googletest-download/googletest-prefix/src/googletest-stamp/googletest-download-.cmake:49 (message):
  Command failed: 1

   '/usr/bin/cmake' '-Dmake=' '-Dconfig=' '-P' '/home/fly/fly/build/px4/googletest-download/googletest-prefix/src/googletest-stamp/googletest-download--impl.cmake'

  See also

    /home/fly/fly/build/px4/googletest-download/googletest-prefix/src/googletest-stamp/googletest-download-*.log


gmake[2]: *** [CMakeFiles/googletest.dir/build.make:100ï¼šgoogletest-prefix/src/googletest-stamp/googletest-download] é”™è¯¯ 1
gmake[1]: *** [CMakeFiles/Makefile2:83ï¼šCMakeFiles/googletest.dir/all] é”™è¯¯ 2
gmake: *** [Makefile:91ï¼šall] é”™è¯¯ 2
[31mCMake Error at cmake/gtest/gtest.cmake:39 (message):
  Preparing googletest failed: 0 2
Call Stack (most recent call first):
  CMakeLists.txt:409 (include)

[0m
