-- PX4_GIT_TAG: v1.16.0-rc1-291-g2e6fd9dd72
[33mCMake Warning (dev) at CMakeLists.txt:176 (find_package):
  Policy CMP0148 is not set: The FindPythonInterp and FindPythonLibs modules
  are removed.  Run "cmake --help-policy CMP0148" for policy details.  Use
  the cmake_policy command to set the policy and suppress this warning.

This warning is for project developers.  Use -Wno-dev to suppress it.
[0m
-- Found PythonInterp: /usr/bin/python3 (found suitable version "3.12.3", minimum required is "3") 
-- PX4 config file: /home/fly/fly/PX4-Autopilot/boards/px4/ros2/default.px4board
-- PLATFORM ros2
-- ROMFSROOT px4fmu_common
-- ROOT_PATH /fs/microsd
-- PARAM_FILE /fs/mtd_params
-- PX4 config: px4_ros2_default
-- PX4 platform: ros2
-- The CXX compiler identification is GNU 13.3.0
-- Detecting CXX compiler ABI info
-- Detecting CXX compiler ABI info - done
-- Check for working CXX compiler: /usr/bin/c++ - skipped
-- Detecting CXX compile features
-- Detecting CXX compile features - done
-- Found ament_cmake: 2.5.4 (/opt/ros/jazzy/share/ament_cmake/cmake)
-- Found Python3: /usr/bin/python3 (found version "3.12.3") found components: Interpreter 
-- Found rclcpp: 28.1.9 (/opt/ros/jazzy/share/rclcpp/cmake)
-- Found rosidl_generator_c: 4.6.5 (/opt/ros/jazzy/share/rosidl_generator_c/cmake)
-- Found rosidl_generator_cpp: 4.6.5 (/opt/ros/jazzy/share/rosidl_generator_cpp/cmake)
-- Using all available rosidl_typesupport_c: rosidl_typesupport_fastrtps_c;rosidl_typesupport_introspection_c
-- Using all available rosidl_typesupport_cpp: rosidl_typesupport_fastrtps_cpp;rosidl_typesupport_introspection_cpp
-- Found rmw_implementation_cmake: 7.3.2 (/opt/ros/jazzy/share/rmw_implementation_cmake/cmake)
-- Found rmw_fastrtps_cpp: 8.4.2 (/opt/ros/jazzy/share/rmw_fastrtps_cpp/cmake)
-- Found OpenSSL: /usr/lib/x86_64-linux-gnu/libcrypto.so (found version "3.0.13")  
-- Found FastRTPS: /opt/ros/jazzy/include (Required is at least version "2.13") 
-- Using RMW implementation 'rmw_fastrtps_cpp' as default
-- Found rosidl_default_generators: 1.6.0 (/opt/ros/jazzy/share/rosidl_default_generators/cmake)
-- Found rosidl_adapter: 4.6.5 (/opt/ros/jazzy/share/rosidl_adapter/cmake)
-- Found std_msgs: 5.3.6 (/opt/ros/jazzy/share/std_msgs/cmake)
-- The C compiler identification is GNU 13.3.0
-- The ASM compiler identification is GNU
-- Found assembler: /usr/bin/cc
-- Detecting C compiler ABI info
-- Detecting C compiler ABI info - done
-- Check for working C compiler: /usr/bin/cc - skipped
-- Detecting C compile features
-- Detecting C compile features - done
-- cmake build type: RelWithDebInfo
-- ccache enabled (export CCACHE_DISABLE=1 to disable)
CMake Warning (dev) at /usr/share/cmake-3.28/Modules/ExternalProject.cmake:3195 (message):
  The DOWNLOAD_EXTRACT_TIMESTAMP option was not given and policy CMP0135 is
  not set.  The policy's OLD behavior will be used.  When using a URL
  download, the timestamps of extracted files should preferably be that of
  the time of extraction, otherwise code that depends on the extracted
  contents might not be rebuilt if the URL changes.  The OLD behavior
  preserves the timestamps from the archive instead, but this is usually not
  what you want.  Update your project to the NEW behavior or specify the
  DOWNLOAD_EXTRACT_TIMESTAMP option with a value of true to avoid this
  robustness issue.
Call Stack (most recent call first):
  /usr/share/cmake-3.28/Modules/ExternalProject.cmake:4418 (_ep_add_download_command)
  CMakeLists.txt:6 (ExternalProject_Add)
This warning is for project developers.  Use -Wno-dev to suppress it.

-- Configuring done (0.1s)
-- Generating done (0.0s)
-- Build files have been written to: /home/fly/fly/build/px4/googletest-download
[ 11%] Creating directories for 'googletest'
[ 22%] Performing download step (download, verify and extract) for 'googletest'
CMake Error at googletest-download/googletest-prefix/src/googletest-stamp/googletest-download-.cmake:49 (message):
  Command failed: 1

   '/usr/bin/cmake' '-Dmake=' '-Dconfig=' '-P' '/home/fly/fly/build/px4/googletest-download/googletest-prefix/src/googletest-stamp/googletest-download--impl.cmake'

  See also

    /home/fly/fly/build/px4/googletest-download/googletest-prefix/src/googletest-stamp/googletest-download-*.log


gmake[2]: *** [CMakeFiles/googletest.dir/build.make:100ï¼šgoogletest-prefix/src/googletest-stamp/googletest-download] é”™è¯¯ 1
gmake[1]: *** [CMakeFiles/Makefile2:83ï¼šCMakeFiles/googletest.dir/all] é”™è¯¯ 2
gmake: *** [Makefile:91ï¼šall] é”™è¯¯ 2
[31mCMake Error at cmake/gtest/gtest.cmake:39 (message):
  Preparing googletest failed: 0 2
Call Stack (most recent call first):
  CMakeLists.txt:409 (include)

[0m
-- Configuring incomplete, errors occurred!
